Build started 13/03/2016 21:07:09.
     1>Project "C:\Users\oriol\Documents\Visual Studio 2013\Projects\Zork_2\Zork_2\Zork_2.vcxproj" on node 2 (Build target(s)).
     1>ClCompile:
         C:\Program Files (x86)\Microsoft Visual Studio 12.0\VC\bin\CL.exe /c /Zi /nologo /W3 /WX- /sdl /O2 /Oi /Oy- /GL /D _MBCS /Gm- /EHsc /MD /GS /Gy /fp:precise /Zc:wchar_t /Zc:forScope /Fo"Release\\" /Fd"Release\vc120.pdb" /Gd /TP /analyze- /errorReport:prompt Exits.cpp Main.cpp Players.cpp Rooms.cpp World.cpp
         Exits.cpp
         Main.cpp
         Players.cpp
         Rooms.cpp
         World.cpp
       Link:
         C:\Program Files (x86)\Microsoft Visual Studio 12.0\VC\bin\link.exe /ERRORREPORT:PROMPT /OUT:"C:\Users\oriol\Documents\Visual Studio 2013\Projects\Zork_2\Release\Zork_2.exe" /NOLOGO kernel32.lib user32.lib gdi32.lib winspool.lib comdlg32.lib advapi32.lib shell32.lib ole32.lib oleaut32.lib uuid.lib odbc32.lib odbccp32.lib /MANIFEST /MANIFESTUAC:"level='asInvoker' uiAccess='false'" /manifest:embed /DEBUG /PDB:"C:\Users\oriol\Documents\Visual Studio 2013\Projects\Zork_2\Release\Zork_2.pdb" /OPT:REF /OPT:ICF /LTCG /TLBID:1 /DYNAMICBASE /NXCOMPAT /IMPLIB:"C:\Users\oriol\Documents\Visual Studio 2013\Projects\Zork_2\Release\Zork_2.lib" /MACHINE:X86 /SAFESEH Release\Exits.obj
         Release\Main.obj
         Release\Players.obj
         Release\Rooms.obj
         Release\World.obj
         Generating code
     1>c:\users\oriol\documents\visual studio 2013\projects\zork_2\zork_2\exits.cpp(101): warning C4715: 'Exits::CheckDoorMove' : not all control paths return a value
     1>c:\users\oriol\documents\visual studio 2013\projects\zork_2\zork_2\exits.cpp(84): warning C4715: 'Exits::CheckDoor' : not all control paths return a value
     1>c:\users\oriol\documents\visual studio 2013\projects\zork_2\zork_2\exits.cpp(67): warning C4715: 'Exits::check_direction' : not all control paths return a value
         Finished generating code
         Zork_2.vcxproj -> C:\Users\oriol\Documents\Visual Studio 2013\Projects\Zork_2\Release\Zork_2.exe
     1>Done Building Project "C:\Users\oriol\Documents\Visual Studio 2013\Projects\Zork_2\Zork_2\Zork_2.vcxproj" (Build target(s)).

Build succeeded.

Time Elapsed 00:00:02.01
